<?xml version="1.0" encoding="UTF-8"?>
<!-- Generated by org.testng.reporters.JUnitReportReporter -->
<testsuite hostname="DESKTOP-U67QH3E" failures="0" tests="2" name="com.webtes.demo.Admin_Login" time="23.446" errors="0" timestamp="26 11æœˆ 2018 08:27:41 GMT" skipped="0">
  <testcase classname="com.webtes.demo.Admin_Login" name="addMovie" time="16.402"/>
  <testcase classname="com.webtes.demo.Admin_Login" name="loginTest" time="7.044"/>
</testsuite> <!-- com.webtes.demo.Admin_Login -->
