<?xml version="1.0" encoding="UTF-8"?>
<!-- Generated by org.testng.reporters.JUnitReportReporter -->
<testsuite hostname="DESKTOP-U67QH3E" failures="0" tests="1" name="com.webtes.demo.Demo1" time="0.009" errors="0" timestamp="21 11æœˆ 2018 08:05:30 GMT" skipped="0">
  <testcase classname="com.webtes.demo.Demo1" name="changeIframe" time="0.009"/>
</testsuite> <!-- com.webtes.demo.Demo1 -->
