<?xml version="1.0" encoding="UTF-8"?>
<!-- Generated by org.testng.reporters.JUnitReportReporter -->
<testsuite hostname="DESKTOP-JAB7ISN" failures="0" tests="3" name="com.webtest.xinhu_personal.Login" time="0.000" errors="0" timestamp="10 12æœˆ 2018 11:42:13 GMT" skipped="3">
  <testcase classname="com.webtest.xinhu_personal.Login" name="login" time="0.000">
    <skipped/>
  </testcase> <!-- login -->
  <testcase classname="com.webtest.xinhu_personal.Login" name="openBrower" time="0.000">
    <skipped/>
  </testcase> <!-- openBrower -->
  <testcase classname="com.webtest.xinhu_personal.Login" name="loginsuccess" time="0.000">
    <skipped/>
  </testcase> <!-- loginsuccess -->
</testsuite> <!-- com.webtest.xinhu_personal.Login -->
