<?xml version="1.0" encoding="UTF-8"?>
<!-- Generated by org.testng.reporters.JUnitReportReporter -->
<testsuite hostname="DESKTOP-JAB7ISN" failures="0" tests="2" name="com.webtest.liucheng.test3" time="37.885" errors="0" timestamp="07 12æœˆ 2018 01:21:02 GMT" skipped="0">
  <testcase classname="com.webtest.liucheng.test3" name="test2" time="24.743"/>
  <testcase classname="com.webtest.liucheng.test3" name="test1" time="13.142"/>
</testsuite> <!-- com.webtest.liucheng.test3 -->
