<?xml version="1.0" encoding="UTF-8"?>
<!-- Generated by org.testng.reporters.JUnitReportReporter -->
<testsuite hostname="DESKTOP-JAB7ISN" failures="0" tests="3" name="com.webtest.xinhu_personal.Addnotice" time="0.000" errors="0" timestamp="10 12æœˆ 2018 11:42:13 GMT" skipped="3">
  <testcase classname="com.webtest.xinhu_personal.Addnotice" name="addNotice" time="0.000">
    <skipped/>
  </testcase> <!-- addNotice -->
  <testcase classname="com.webtest.xinhu_personal.Addnotice" name="enterNotice" time="0.000">
    <skipped/>
  </testcase> <!-- enterNotice -->
  <testcase classname="com.webtest.xinhu_personal.Addnotice" name="login2" time="0.000">
    <skipped/>
  </testcase> <!-- login2 -->
</testsuite> <!-- com.webtest.xinhu_personal.Addnotice -->
