<?xml version="1.0" encoding="UTF-8"?>
<!-- Generated by org.testng.reporters.JUnitReportReporter -->
<testsuite hostname="DESKTOP-JAB7ISN" failures="0" tests="5" name="com.webtest.xinhu_personal.AddrList" time="27.748" errors="0" timestamp="07 12æœˆ 2018 01:21:02 GMT" skipped="0">
  <testcase classname="com.webtest.xinhu_personal.AddrList" name="addrList" time="9.746"/>
  <testcase classname="com.webtest.xinhu_personal.AddrList" name="searchList" time="3.292"/>
  <testcase classname="com.webtest.xinhu_personal.AddrList" name="searchList" time="3.333"/>
  <testcase classname="com.webtest.xinhu_personal.AddrList" name="searchList" time="3.418"/>
  <testcase classname="com.webtest.xinhu_personal.AddrList" name="login1" time="7.959"/>
</testsuite> <!-- com.webtest.xinhu_personal.AddrList -->
