<?xml version="1.0" encoding="UTF-8"?>
<!-- Generated by org.testng.reporters.JUnitReportReporter -->
<testsuite hostname="DESKTOP-JAB7ISN" failures="0" tests="1" name="com.webtest.customer.test.NewCustract_test" time="0.000" errors="0" timestamp="07 12æœˆ 2018 01:21:02 GMT" skipped="1">
  <testcase classname="com.webtest.customer.test.NewCustract_test" name="addAgreement" time="0.000">
    <skipped/>
  </testcase> <!-- addAgreement -->
</testsuite> <!-- com.webtest.customer.test.NewCustract_test -->
