<?xml version="1.0" encoding="UTF-8"?>
<!-- Generated by org.testng.reporters.JUnitReportReporter -->
<testsuite skipped="0" hostname="LAPTOP-U7EES6NV" name="com.xinhu.personnel.personnal_files.Add_Test" tests="2" failures="0" timestamp="05 十二月 2018 08:33:18 GMT" time="84.243" errors="0">
  <testcase name="testAddOutRecord" time="37.145" classname="com.xinhu.personnel.personnal_files.Add_Test"/>
  <testcase name="testNewContract" time="47.098" classname="com.xinhu.personnel.personnal_files.Add_Test"/>
</testsuite> <!-- com.xinhu.personnel.personnal_files.Add_Test -->
