<?xml version="1.0" encoding="UTF-8"?>
<!-- Generated by org.testng.reporters.JUnitReportReporter -->
<testsuite skipped="0" hostname="LAPTOP-U7EES6NV" name="com.xinhu.personnel.personnal_files.File_Operation_Test" tests="3" failures="0" timestamp="05 十二月 2018 08:33:18 GMT" time="87.380" errors="0">
  <testcase name="testOperationComment" time="27.089" classname="com.xinhu.personnel.personnal_files.File_Operation_Test"/>
  <testcase name="testOperationDetails" time="26.826" classname="com.xinhu.personnel.personnal_files.File_Operation_Test"/>
  <testcase name="testOperatioinAddremind" time="33.465" classname="com.xinhu.personnel.personnal_files.File_Operation_Test"/>
</testsuite> <!-- com.xinhu.personnel.personnal_files.File_Operation_Test -->
