<?xml version="1.0" encoding="UTF-8"?>
<!-- Generated by org.testng.reporters.JUnitReportReporter -->
<testsuite hostname="DESKTOP-JAB7ISN" failures="0" tests="1" name="com.webtest.customer.test.Redata_test" time="3.421" errors="0" timestamp="07 12æœˆ 2018 01:21:02 GMT" skipped="0">
  <testcase classname="com.webtest.customer.test.Redata_test" name="redata" time="3.421"/>
</testsuite> <!-- com.webtest.customer.test.Redata_test -->
