<?xml version="1.0" encoding="UTF-8"?>
<!-- Generated by org.testng.reporters.JUnitReportReporter -->
<testsuite hostname="DESKTOP-JAB7ISN" failures="0" tests="1" name="com.webtest.liucheng.test4" time="0.000" errors="0" timestamp="10 12æœˆ 2018 11:42:13 GMT" skipped="1">
  <testcase classname="com.webtest.liucheng.test4" name="test1" time="0.000">
    <skipped/>
  </testcase> <!-- test1 -->
</testsuite> <!-- com.webtest.liucheng.test4 -->
