<?xml version="1.0" encoding="UTF-8"?>
<!-- Generated by org.testng.reporters.JUnitReportReporter -->
<testsuite hostname="DESKTOP-JAB7ISN" failures="0" tests="3" name="com.webtest.xinhu_personal.Addnotice" time="17.220" errors="0" timestamp="07 12æœˆ 2018 01:21:02 GMT" skipped="1">
  <testcase classname="com.webtest.xinhu_personal.Addnotice" name="addNotice" time="0.000">
    <skipped/>
  </testcase> <!-- addNotice -->
  <testcase classname="com.webtest.xinhu_personal.Addnotice" name="enterNotice" time="6.512"/>
  <testcase classname="com.webtest.xinhu_personal.Addnotice" name="login2" time="10.708"/>
</testsuite> <!-- com.webtest.xinhu_personal.Addnotice -->
