<?xml version="1.0" encoding="UTF-8"?>
<!-- Generated by org.testng.reporters.JUnitReportReporter -->
<testsuite hostname="DESKTOP-JAB7ISN" failures="0" tests="1" name="com.webtest.customer.test.Search_test" time="7.311" errors="0" timestamp="07 12æœˆ 2018 01:21:02 GMT" skipped="0">
  <testcase classname="com.webtest.customer.test.Search_test" name="Search" time="7.311"/>
</testsuite> <!-- com.webtest.customer.test.Search_test -->
