<?xml version="1.0" encoding="UTF-8"?>
<!-- Generated by org.testng.reporters.JUnitReportReporter -->
<testsuite skipped="0" hostname="LAPTOP-U7EES6NV" name="com.xinhu.personnel.personnal_files.File_Search_Test" tests="1" failures="0" timestamp="05 十二月 2018 08:33:18 GMT" time="26.908" errors="0">
  <testcase name="testSearch" time="26.908" classname="com.xinhu.personnel.personnal_files.File_Search_Test"/>
</testsuite> <!-- com.xinhu.personnel.personnal_files.File_Search_Test -->
