<?xml version="1.0" encoding="UTF-8"?>
<!-- Generated by org.testng.reporters.JUnitReportReporter -->
<testsuite hostname="DESKTOP-JAB7ISN" failures="0" tests="4" name="com.webtest.xinhu_personal.ReInfor" time="0.000" errors="0" timestamp="10 12æœˆ 2018 11:42:13 GMT" skipped="4">
  <testcase classname="com.webtest.xinhu_personal.ReInfor" name="reInfor2" time="0.000">
    <skipped/>
  </testcase> <!-- reInfor2 -->
  <testcase classname="com.webtest.xinhu_personal.ReInfor" name="enterInfor" time="0.000">
    <skipped/>
  </testcase> <!-- enterInfor -->
  <testcase classname="com.webtest.xinhu_personal.ReInfor" name="reInfor1" time="0.000">
    <skipped/>
  </testcase> <!-- reInfor1 -->
  <testcase classname="com.webtest.xinhu_personal.ReInfor" name="login3" time="0.000">
    <skipped/>
  </testcase> <!-- login3 -->
</testsuite> <!-- com.webtest.xinhu_personal.ReInfor -->
