<?xml version="1.0" encoding="UTF-8"?>
<!-- Generated by org.testng.reporters.JUnitReportReporter -->
<testsuite hostname="DESKTOP-JAB7ISN" failures="0" tests="2" name="com.webtest.personnel.personnal_files.Add_Test" time="85.053" errors="0" timestamp="07 12æœˆ 2018 01:21:02 GMT" skipped="0">
  <testcase classname="com.webtest.personnel.personnal_files.Add_Test" name="testAddOutRecord" time="37.915"/>
  <testcase classname="com.webtest.personnel.personnal_files.Add_Test" name="testNewContract" time="47.138"/>
</testsuite> <!-- com.webtest.personnel.personnal_files.Add_Test -->
