<?xml version="1.0" encoding="UTF-8"?>
<!-- Generated by org.testng.reporters.JUnitReportReporter -->
<testsuite hostname="DESKTOP-JAB7ISN" failures="0" tests="2" name="com.webtest.xingzheng.TestPart2_zichan" time="0.000" errors="0" timestamp="10 12æœˆ 2018 11:42:13 GMT" skipped="2">
  <testcase classname="com.webtest.xingzheng.TestPart2_zichan" name="test_b1" time="0.000">
    <skipped/>
  </testcase> <!-- test_b1 -->
  <testcase classname="com.webtest.xingzheng.TestPart2_zichan" name="test_b2" time="0.000">
    <skipped/>
  </testcase> <!-- test_b2 -->
</testsuite> <!-- com.webtest.xingzheng.TestPart2_zichan -->
