<?xml version="1.0" encoding="UTF-8"?>
<!-- Generated by org.testng.reporters.JUnitReportReporter -->
<testsuite skipped="0" hostname="LAPTOP-U7EES6NV" name="com.xinhu.personnel.personnal_files.File_Output_Test" tests="2" failures="0" timestamp="05 十二月 2018 08:33:18 GMT" time="50.979" errors="0">
  <testcase name="testOutputAll" time="23.860" classname="com.xinhu.personnel.personnal_files.File_Output_Test"/>
  <testcase name="testOutputCurrent" time="27.119" classname="com.xinhu.personnel.personnal_files.File_Output_Test"/>
</testsuite> <!-- com.xinhu.personnel.personnal_files.File_Output_Test -->
