<?xml version="1.0" encoding="UTF-8"?>
<!-- Generated by org.testng.reporters.JUnitReportReporter -->
<testsuite skipped="0" hostname="LAPTOP-U7EES6NV" name="com.webtest.demo.Admin_Login" tests="1" failures="0" timestamp="28 十一月 2018 00:45:01 GMT" time="8.553" errors="0">
  <testcase name="testLogin" time="8.553" classname="com.webtest.demo.Admin_Login"/>
</testsuite> <!-- com.webtest.demo.Admin_Login -->
