<?xml version="1.0" encoding="UTF-8"?>
<!-- Generated by org.testng.reporters.JUnitReportReporter -->
<testsuite hostname="DESKTOP-JAB7ISN" failures="0" tests="1" name="com.webtest.renwu.pingfen" time="39.757" errors="0" timestamp="07 12æœˆ 2018 01:21:02 GMT" skipped="0">
  <testcase classname="com.webtest.renwu.pingfen" name="testSearch" time="39.757"/>
</testsuite> <!-- com.webtest.renwu.pingfen -->
