<?xml version="1.0" encoding="UTF-8"?>
<!-- Generated by org.testng.reporters.JUnitReportReporter -->
<testsuite hostname="DESKTOP-JAB7ISN" failures="0" tests="2" name="com.webtest.xingzheng.TestPart2_zichan" time="42.937" errors="0" timestamp="07 12æœˆ 2018 01:21:02 GMT" skipped="0">
  <testcase classname="com.webtest.xingzheng.TestPart2_zichan" name="test_b1" time="9.734"/>
  <testcase classname="com.webtest.xingzheng.TestPart2_zichan" name="test_b2" time="33.203"/>
</testsuite> <!-- com.webtest.xingzheng.TestPart2_zichan -->
