<?xml version="1.0" encoding="UTF-8"?>
<!-- Generated by org.testng.reporters.JUnitReportReporter -->
<testsuite skipped="0" hostname="LAPTOP-U7EES6NV" name="com.edu.test.HttpUnitForGetTransportFeeTest" tests="10" failures="0" timestamp="18 十二月 2018 00:04:33 GMT" time="2.558" errors="0">
  <testcase name="testGetTranportFeeBySpecial" time="1.454" classname="com.edu.test.HttpUnitForGetTransportFeeTest"/>
  <testcase name="testGetTransportFeeById" time="0.097" classname="com.edu.test.HttpUnitForGetTransportFeeTest"/>
  <testcase name="testGetTransportFeeByDirectly" time="0.164" classname="com.edu.test.HttpUnitForGetTransportFeeTest"/>
  <testcase name="testGetTransportFeeByIdError" time="0.102" classname="com.edu.test.HttpUnitForGetTransportFeeTest"/>
  <testcase name="testGetTransportFeeByNullId" time="0.121" classname="com.edu.test.HttpUnitForGetTransportFeeTest"/>
  <testcase name="testGetTransportFeeByCityError" time="0.096" classname="com.edu.test.HttpUnitForGetTransportFeeTest"/>
  <testcase name="testGetTransportFeeByCityAreaError" time="0.105" classname="com.edu.test.HttpUnitForGetTransportFeeTest"/>
  <testcase name="testGetTransportFeeSuccess" time="0.130" classname="com.edu.test.HttpUnitForGetTransportFeeTest"/>
  <testcase name="testGetTransportFeeByMuni" time="0.175" classname="com.edu.test.HttpUnitForGetTransportFeeTest"/>
  <testcase name="testGetTransportFeeByAreaError" time="0.114" classname="com.edu.test.HttpUnitForGetTransportFeeTest"/>
</testsuite> <!-- com.edu.test.HttpUnitForGetTransportFeeTest -->
