<?xml version="1.0" encoding="UTF-8"?>
<!-- Generated by org.testng.reporters.JUnitReportReporter -->
<testsuite skipped="0" hostname="LAPTOP-U7EES6NV" name="com.edu.test.loginTest" tests="12" failures="0" timestamp="26 十二月 2018 07:11:24 GMT" time="2.615" errors="0">
  <testcase name="test_Login11" time="0.096" classname="com.edu.test.loginTest"/>
  <testcase name="test_Login4" time="0.107" classname="com.edu.test.loginTest"/>
  <testcase name="test_Login9" time="0.782" classname="com.edu.test.loginTest"/>
  <testcase name="test_Login3" time="0.105" classname="com.edu.test.loginTest"/>
  <testcase name="test_Login8" time="0.102" classname="com.edu.test.loginTest"/>
  <testcase name="test_Login6" time="0.086" classname="com.edu.test.loginTest"/>
  <testcase name="test_Login2" time="0.106" classname="com.edu.test.loginTest"/>
  <testcase name="test_Login7" time="0.094" classname="com.edu.test.loginTest"/>
  <testcase name="test_Login5" time="0.081" classname="com.edu.test.loginTest"/>
  <testcase name="test_Login10" time="0.109" classname="com.edu.test.loginTest"/>
  <testcase name="test_Login12" time="0.085" classname="com.edu.test.loginTest"/>
  <testcase name="test_Login1" time="0.862" classname="com.edu.test.loginTest"/>
</testsuite> <!-- com.edu.test.loginTest -->
