<?xml version="1.0" encoding="UTF-8"?>
<!-- Generated by org.testng.reporters.JUnitReportReporter -->
<testsuite skipped="0" hostname="LAPTOP-U7EES6NV" name="com.edu.test.HttpUnitForSceneTest" tests="5" failures="0" timestamp="18 十二月 2018 00:04:33 GMT" time="2.864" errors="0">
  <testcase name="testProcessByAddressAndLogin" time="0.662" classname="com.edu.test.HttpUnitForSceneTest"/>
  <testcase name="testProcessByNoAddressAndNoLogin" time="0.434" classname="com.edu.test.HttpUnitForSceneTest"/>
  <testcase name="testProcessByNoAddress" time="0.611" classname="com.edu.test.HttpUnitForSceneTest"/>
  <testcase name="testProcessByAddressNoLogin" time="0.582" classname="com.edu.test.HttpUnitForSceneTest"/>
  <testcase name="testBrowseMer" time="0.575" classname="com.edu.test.HttpUnitForSceneTest"/>
</testsuite> <!-- com.edu.test.HttpUnitForSceneTest -->
