<?xml version="1.0" encoding="UTF-8"?>
<!-- Generated by org.testng.reporters.JUnitReportReporter -->
<testsuite skipped="0" hostname="LAPTOP-U7EES6NV" name="com.edu.test.AddList" tests="6" failures="0" timestamp="26 十二月 2018 07:11:25 GMT" time="1.169" errors="0">
  <testcase name="TestAddList2" time="0.195" classname="com.edu.test.AddList"/>
  <testcase name="TestAddList6" time="0.178" classname="com.edu.test.AddList"/>
  <testcase name="TestAddList1" time="0.194" classname="com.edu.test.AddList"/>
  <testcase name="TestAddList3" time="0.188" classname="com.edu.test.AddList"/>
  <testcase name="TestAddList4" time="0.183" classname="com.edu.test.AddList"/>
  <testcase name="TestAddList5" time="0.231" classname="com.edu.test.AddList"/>
</testsuite> <!-- com.edu.test.AddList -->
