<?xml version="1.0" encoding="UTF-8"?>
<!-- Generated by org.testng.reporters.JUnitReportReporter -->
<testsuite skipped="0" hostname="LAPTOP-U7EES6NV" name="com.edu.test.SubmitTest" tests="4" failures="0" timestamp="26 十二月 2018 07:11:25 GMT" time="0.280" errors="0">
  <testcase name="loginSuccess" time="0.100" classname="com.edu.test.SubmitTest"/>
  <testcase name="submit1" time="0.051" classname="com.edu.test.SubmitTest"/>
  <testcase name="submit11" time="0.050" classname="com.edu.test.SubmitTest"/>
  <testcase name="submit" time="0.079" classname="com.edu.test.SubmitTest"/>
</testsuite> <!-- com.edu.test.SubmitTest -->
