<?xml version="1.0" encoding="UTF-8"?>
<!-- Generated by org.testng.reporters.JUnitReportReporter -->
<testsuite skipped="0" hostname="LAPTOP-U7EES6NV" name="com.edu.test.HttpClientForSceneTest" tests="5" failures="0" timestamp="18 十二月 2018 00:04:33 GMT" time="2.845" errors="0">
  <testcase name="testProcessByNoAddressAndNoLogin" time="0.419" classname="com.edu.test.HttpClientForSceneTest"/>
  <testcase name="testProcessByAddressNoLogin" time="0.571" classname="com.edu.test.HttpClientForSceneTest"/>
  <testcase name="testBrowseMer" time="0.610" classname="com.edu.test.HttpClientForSceneTest"/>
  <testcase name="testProcessByNoAddress" time="0.576" classname="com.edu.test.HttpClientForSceneTest"/>
  <testcase name="testProcessByAddressAndLogin" time="0.669" classname="com.edu.test.HttpClientForSceneTest"/>
</testsuite> <!-- com.edu.test.HttpClientForSceneTest -->
