<?xml version="1.0" encoding="UTF-8"?>
<!-- Generated by org.testng.reporters.JUnitReportReporter -->
<testsuite hostname="LAPTOP-SLURSDT2" failures="0" tests="1" name="com.xinhu.customertest.test.NewCustomer_test" time="55.140" errors="0" timestamp="27 11æœˆ 2018 14:00:37 GMT" skipped="0">
  <testcase classname="com.xinhu.customertest.test.NewCustomer_test" name="addCustomer" time="55.140"/>
</testsuite> <!-- com.xinhu.customertest.test.NewCustomer_test -->
