<?xml version="1.0" encoding="UTF-8"?>
<!-- Generated by org.testng.reporters.JUnitReportReporter -->
<testsuite skipped="0" hostname="lhz" name="com.webtest.demo.Front_Login1" tests="1" failures="0" timestamp="10 十月 2018 05:47:24 GMT" time="13.228" errors="0">
  <testcase name="testSearch" time="13.228" classname="com.webtest.demo.Front_Login1"/>
</testsuite> <!-- com.webtest.demo.Front_Login1 -->
