<?xml version="1.0" encoding="UTF-8"?>
<!-- Generated by org.testng.reporters.JUnitReportReporter -->
<testsuite skipped="0" hostname="lhz" name="com.webtest.demo.Front_Login" tests="1" failures="0" timestamp="09 十月 2018 07:51:50 GMT" time="16.434" errors="0">
  <testcase name="testSearch" time="16.434" classname="com.webtest.demo.Front_Login"/>
</testsuite> <!-- com.webtest.demo.Front_Login -->
