<?xml version="1.0" encoding="UTF-8"?>
<!-- Generated by org.testng.reporters.JUnitReportReporter -->
<testsuite hostname="LAPTOP-SLURSDT2" failures="0" tests="1" name="com.webtest.demo.Admin_Login" time="6.898" errors="0" timestamp="28 11æœˆ 2018 00:24:28 GMT" skipped="0">
  <testcase classname="com.webtest.demo.Admin_Login" name="testLogin" time="6.898"/>
</testsuite> <!-- com.webtest.demo.Admin_Login -->
