<?xml version="1.0" encoding="UTF-8"?>
<!-- Generated by org.testng.reporters.JUnitReportReporter -->
<testsuite hostname="LAPTOP-SLURSDT2" failures="0" tests="1" name="com.webtest.core.EmailTest" time="20.206" errors="0" timestamp="18 10æœˆ 2018 09:40:21 GMT" skipped="0">
  <testcase classname="com.webtest.core.EmailTest" name="testSendEmail" time="20.206"/>
</testsuite> <!-- com.webtest.core.EmailTest -->
