<?xml version="1.0" encoding="UTF-8"?>
<!-- Generated by org.testng.reporters.JUnitReportReporter -->
<testsuite hostname="LAPTOP-SLURSDT2" failures="0" tests="1" name="com.webtest.core.SendReport" time="23.495" errors="0" timestamp="19 11æœˆ 2018 07:02:24 GMT" skipped="0">
  <testcase classname="com.webtest.core.SendReport" name="sendmail" time="23.495"/>
</testsuite> <!-- com.webtest.core.SendReport -->
