<?xml version="1.0" encoding="UTF-8"?>
<!-- Generated by org.testng.reporters.JUnitReportReporter -->
<testsuite hostname="LAPTOP-SLURSDT2" failures="0" tests="1" name="com.webtest.demo.Front_Login_Test" time="11.306" errors="0" timestamp="10 10æœˆ 2018 07:12:53 GMT" skipped="0">
  <testcase classname="com.webtest.demo.Front_Login_Test" name="testLogin" time="11.306"/>
</testsuite> <!-- com.webtest.demo.Front_Login_Test -->
