<?xml version="1.0" encoding="UTF-8"?>
<!-- Generated by org.testng.reporters.JUnitReportReporter -->
<testsuite hostname="DESKTOP-I4TDT1H" failures="0" tests="2" name="com.webtest.demo.Para" time="0.007" errors="0" timestamp="23 Nov 2018 00:54:13 GMT">
  <testcase classname="com.webtest.demo.Para" name="test1" time="0.007"/>
  <testcase classname="com.webtest.demo.Para" name="test1" time="0.000"/>
</testsuite> <!-- com.webtest.demo.Para -->
