<?xml version="1.0" encoding="UTF-8"?>
<!-- Generated by org.testng.reporters.JUnitReportReporter -->
<testsuite skipped="0" hostname="LAPTOP-U7EES6NV" name="com.edu.test.HttpClientForSceneTest" tests="5" failures="0" timestamp="26 十二月 2018 06:33:08 GMT" time="2.447" errors="0">
  <testcase name="testBrowseMer" time="0.510" classname="com.edu.test.HttpClientForSceneTest"/>
  <testcase name="testProcessByAddressAndLogin" time="0.634" classname="com.edu.test.HttpClientForSceneTest"/>
  <testcase name="testProcessByAddressNoLogin" time="0.490" classname="com.edu.test.HttpClientForSceneTest"/>
  <testcase name="testProcessByNoAddressAndNoLogin" time="0.363" classname="com.edu.test.HttpClientForSceneTest"/>
  <testcase name="testProcessByNoAddress" time="0.450" classname="com.edu.test.HttpClientForSceneTest"/>
</testsuite> <!-- com.edu.test.HttpClientForSceneTest -->
