<?xml version="1.0" encoding="UTF-8"?>
<!-- Generated by org.testng.reporters.JUnitReportReporter -->
<testsuite hostname="LAPTOP-U7EES6NV" failures="0" tests="1" name="com.edu.test.brother" time="37.444" errors="0" timestamp="04 11æœˆ 2018 06:11:42 GMT" skipped="0">
  <testcase classname="com.edu.test.brother" name="submit" time="37.444"/>
</testsuite> <!-- com.edu.test.brother -->
