<?xml version="1.0" encoding="UTF-8"?>
<!-- Generated by org.testng.reporters.JUnitReportReporter -->
<testsuite skipped="0" hostname="lhz" name="com.edu.test.Supermarket" tests="1" failures="0" timestamp="30 十月 2018 06:47:52 GMT" time="1.394" errors="0">
  <testcase name="priceSuccess" time="1.394" classname="com.edu.test.Supermarket"/>
</testsuite> <!-- com.edu.test.Supermarket -->
