<?xml version="1.0" encoding="UTF-8"?>
<!-- Generated by org.testng.reporters.JUnitReportReporter -->
<testsuite skipped="0" hostname="LAPTOP-U7EES6NV" name="com.edu.test.AddList" tests="6" failures="0" timestamp="26 十二月 2018 07:10:15 GMT" time="1.155" errors="0">
  <testcase name="TestAddList5" time="0.185" classname="com.edu.test.AddList"/>
  <testcase name="TestAddList3" time="0.193" classname="com.edu.test.AddList"/>
  <testcase name="TestAddList1" time="0.201" classname="com.edu.test.AddList"/>
  <testcase name="TestAddList2" time="0.171" classname="com.edu.test.AddList"/>
  <testcase name="TestAddList4" time="0.206" classname="com.edu.test.AddList"/>
  <testcase name="TestAddList6" time="0.199" classname="com.edu.test.AddList"/>
</testsuite> <!-- com.edu.test.AddList -->
