<?xml version="1.0" encoding="UTF-8"?>
<!-- Generated by org.testng.reporters.JUnitReportReporter -->
<testsuite skipped="0" hostname="LAPTOP-U7EES6NV" name="com.edu.test.SceneTest" tests="4" failures="0" timestamp="26 十二月 2018 07:10:15 GMT" time="0.762" errors="0">
  <testcase name="testTransport" time="0.193" classname="com.edu.test.SceneTest"/>
  <testcase name="testSkuList" time="0.173" classname="com.edu.test.SceneTest"/>
  <testcase name="testSubmit" time="0.186" classname="com.edu.test.SceneTest"/>
  <testcase name="testAddress" time="0.210" classname="com.edu.test.SceneTest"/>
</testsuite> <!-- com.edu.test.SceneTest -->
