<?xml version="1.0" encoding="UTF-8"?>
<!-- Generated by org.testng.reporters.JUnitReportReporter -->
<testsuite skipped="0" hostname="LAPTOP-U7EES6NV" name="com.edu.test.HttpUnitForGetTransportFeeTest" tests="10" failures="0" timestamp="18 十二月 2018 00:03:35 GMT" time="3.209" errors="0">
  <testcase name="testGetTransportFeeByNullId" time="0.109" classname="com.edu.test.HttpUnitForGetTransportFeeTest"/>
  <testcase name="testGetTransportFeeByCityAreaError" time="0.156" classname="com.edu.test.HttpUnitForGetTransportFeeTest"/>
  <testcase name="testGetTransportFeeByIdError" time="0.090" classname="com.edu.test.HttpUnitForGetTransportFeeTest"/>
  <testcase name="testGetTransportFeeById" time="0.133" classname="com.edu.test.HttpUnitForGetTransportFeeTest"/>
  <testcase name="testGetTransportFeeByAreaError" time="0.112" classname="com.edu.test.HttpUnitForGetTransportFeeTest"/>
  <testcase name="testGetTranportFeeBySpecial" time="1.946" classname="com.edu.test.HttpUnitForGetTransportFeeTest"/>
  <testcase name="testGetTransportFeeByMuni" time="0.224" classname="com.edu.test.HttpUnitForGetTransportFeeTest"/>
  <testcase name="testGetTransportFeeByCityError" time="0.169" classname="com.edu.test.HttpUnitForGetTransportFeeTest"/>
  <testcase name="testGetTransportFeeByDirectly" time="0.163" classname="com.edu.test.HttpUnitForGetTransportFeeTest"/>
  <testcase name="testGetTransportFeeSuccess" time="0.107" classname="com.edu.test.HttpUnitForGetTransportFeeTest"/>
</testsuite> <!-- com.edu.test.HttpUnitForGetTransportFeeTest -->
