<?xml version="1.0" encoding="UTF-8"?>
<!-- Generated by org.testng.reporters.JUnitReportReporter -->
<testsuite skipped="0" hostname="LAPTOP-U7EES6NV" name="com.edu.test.HttpUnitForSceneTest" tests="5" failures="0" timestamp="18 十二月 2018 00:03:35 GMT" time="3.003" errors="0">
  <testcase name="testProcessByAddressNoLogin" time="0.568" classname="com.edu.test.HttpUnitForSceneTest"/>
  <testcase name="testProcessByAddressAndLogin" time="0.780" classname="com.edu.test.HttpUnitForSceneTest"/>
  <testcase name="testBrowseMer" time="0.615" classname="com.edu.test.HttpUnitForSceneTest"/>
  <testcase name="testProcessByNoAddressAndNoLogin" time="0.479" classname="com.edu.test.HttpUnitForSceneTest"/>
  <testcase name="testProcessByNoAddress" time="0.561" classname="com.edu.test.HttpUnitForSceneTest"/>
</testsuite> <!-- com.edu.test.HttpUnitForSceneTest -->
