<?xml version="1.0" encoding="UTF-8"?>
<!-- Generated by org.testng.reporters.JUnitReportReporter -->
<testsuite skipped="0" hostname="LAPTOP-U7EES6NV" name="com.edu.test.HttpClientForGetTransportFeeTest" tests="10" failures="0" timestamp="26 十二月 2018 07:10:15 GMT" time="0.860" errors="0">
  <testcase name="testGetTranportFeeBySpecial" time="0.082" classname="com.edu.test.HttpClientForGetTransportFeeTest"/>
  <testcase name="testGetTransportFeeByMuni" time="0.084" classname="com.edu.test.HttpClientForGetTransportFeeTest"/>
  <testcase name="testGetTransportFeeById" time="0.089" classname="com.edu.test.HttpClientForGetTransportFeeTest"/>
  <testcase name="testGetTransportFeeByCityAreaError" time="0.078" classname="com.edu.test.HttpClientForGetTransportFeeTest"/>
  <testcase name="testGetTransportFeeByIdError" time="0.090" classname="com.edu.test.HttpClientForGetTransportFeeTest"/>
  <testcase name="testGetTransportFeeByCityError" time="0.081" classname="com.edu.test.HttpClientForGetTransportFeeTest"/>
  <testcase name="testGetTransportFeeByNullId" time="0.081" classname="com.edu.test.HttpClientForGetTransportFeeTest"/>
  <testcase name="testGetTransportFeeByAreaError" time="0.093" classname="com.edu.test.HttpClientForGetTransportFeeTest"/>
  <testcase name="testGetTransportFeeSuccess" time="0.094" classname="com.edu.test.HttpClientForGetTransportFeeTest"/>
  <testcase name="testGetTransportFeeByDirectly" time="0.088" classname="com.edu.test.HttpClientForGetTransportFeeTest"/>
</testsuite> <!-- com.edu.test.HttpClientForGetTransportFeeTest -->
