<?xml version="1.0" encoding="UTF-8"?>
<!-- Generated by org.testng.reporters.JUnitReportReporter -->
<testsuite skipped="0" hostname="lhz" name="com.edu.test.Food_Fun" tests="1" failures="0" timestamp="30 十月 2018 02:06:35 GMT" time="0.600" errors="0">
  <testcase name="loginSuccess" time="0.600" classname="com.edu.test.Food_Fun"/>
</testsuite> <!-- com.edu.test.Food_Fun -->
