<?xml version="1.0" encoding="UTF-8"?>
<!-- Generated by org.testng.reporters.JUnitReportReporter -->
<testsuite skipped="0" hostname="LAPTOP-U7EES6NV" name="com.xinhu.personnel.personnal_files.File_SelectStatus_Test" tests="1" failures="0" timestamp="05 十二月 2018 07:31:21 GMT" time="28.789" errors="0">
  <testcase name="testSelectStatus" time="28.789" classname="com.xinhu.personnel.personnal_files.File_SelectStatus_Test"/>
</testsuite> <!-- com.xinhu.personnel.personnal_files.File_SelectStatus_Test -->
