<?xml version="1.0" encoding="UTF-8"?>
<!-- Generated by org.testng.reporters.JUnitReportReporter -->
<testsuite skipped="0" hostname="LAPTOP-U7EES6NV" name="com.webtest.xinhu_personal.Addnotice" tests="5" failures="0" timestamp="06 十二月 2018 01:41:10 GMT" time="76.041" errors="0">
  <testcase name="addNotice" time="21.095" classname="com.webtest.xinhu_personal.Addnotice"/>
  <testcase name="addNotice" time="20.349" classname="com.webtest.xinhu_personal.Addnotice"/>
  <testcase name="enterNotice" time="6.631" classname="com.webtest.xinhu_personal.Addnotice"/>
  <testcase name="login2" time="7.847" classname="com.webtest.xinhu_personal.Addnotice"/>
  <testcase name="addNotice" time="20.119" classname="com.webtest.xinhu_personal.Addnotice"/>
</testsuite> <!-- com.webtest.xinhu_personal.Addnotice -->
