<?xml version="1.0" encoding="UTF-8"?>
<!-- Generated by org.testng.reporters.JUnitReportReporter -->
<testsuite skipped="0" hostname="LAPTOP-U7EES6NV" name="com.webtest.personnel.personnal_files.File_Output_Test" tests="2" failures="0" timestamp="06 十二月 2018 01:44:41 GMT" time="51.905" errors="0">
  <testcase name="testOutputCurrent" time="24.402" classname="com.webtest.personnel.personnal_files.File_Output_Test"/>
  <testcase name="testOutputAll" time="27.503" classname="com.webtest.personnel.personnal_files.File_Output_Test"/>
</testsuite> <!-- com.webtest.personnel.personnal_files.File_Output_Test -->
