<?xml version="1.0" encoding="UTF-8"?>
<!-- Generated by org.testng.reporters.JUnitReportReporter -->
<testsuite skipped="0" hostname="LAPTOP-U7EES6NV" name="com.xinhu.personnel.Login_Test" tests="1" failures="0" timestamp="28 十一月 2018 06:17:28 GMT" time="14.164" errors="0">
  <testcase name="login" time="14.164" classname="com.xinhu.personnel.Login_Test"/>
</testsuite> <!-- com.xinhu.personnel.Login_Test -->
