<?xml version="1.0" encoding="UTF-8"?>
<!-- Generated by org.testng.reporters.JUnitReportReporter -->
<testsuite skipped="0" hostname="LAPTOP-U7EES6NV" name="com.webtest.customer.test.NewCustomer_test" tests="1" failures="0" timestamp="06 十二月 2018 01:14:06 GMT" time="38.131" errors="0">
  <testcase name="addCustomer" time="38.131" classname="com.webtest.customer.test.NewCustomer_test"/>
</testsuite> <!-- com.webtest.customer.test.NewCustomer_test -->
