<?xml version="1.0" encoding="UTF-8"?>
<!-- Generated by org.testng.reporters.JUnitReportReporter -->
<testsuite skipped="0" hostname="LAPTOP-U7EES6NV" name="com.xinhu.personnel.personnal_files.File_Output_Test" tests="2" failures="0" timestamp="05 十二月 2018 07:28:40 GMT" time="53.426" errors="0">
  <testcase name="testOutputCurrent" time="24.719" classname="com.xinhu.personnel.personnal_files.File_Output_Test"/>
  <testcase name="testOutputAll" time="28.707" classname="com.xinhu.personnel.personnal_files.File_Output_Test"/>
</testsuite> <!-- com.xinhu.personnel.personnal_files.File_Output_Test -->
