<?xml version="1.0" encoding="UTF-8"?>
<!-- Generated by org.testng.reporters.JUnitReportReporter -->
<testsuite skipped="0" hostname="LAPTOP-U7EES6NV" name="com.webtest.xinhu_personal.ReInfor" tests="4" failures="0" timestamp="06 十二月 2018 01:39:17 GMT" time="96.347" errors="0">
  <testcase name="reInfor2" time="74.334" classname="com.webtest.xinhu_personal.ReInfor"/>
  <testcase name="enterInfor" time="10.133" classname="com.webtest.xinhu_personal.ReInfor"/>
  <testcase name="reInfor1" time="3.452" classname="com.webtest.xinhu_personal.ReInfor"/>
  <testcase name="login3" time="8.428" classname="com.webtest.xinhu_personal.ReInfor"/>
</testsuite> <!-- com.webtest.xinhu_personal.ReInfor -->
