<?xml version="1.0" encoding="UTF-8"?>
<!-- Generated by org.testng.reporters.JUnitReportReporter -->
<testsuite skipped="0" hostname="LAPTOP-U7EES6NV" name="com.xinhu.personnel.personnal_files.File_AdvancedSearch_Test" tests="1" failures="0" timestamp="05 十二月 2018 06:51:15 GMT" time="39.071" errors="0">
  <testcase name="testAdvancedSearch" time="39.071" classname="com.xinhu.personnel.personnal_files.File_AdvancedSearch_Test"/>
</testsuite> <!-- com.xinhu.personnel.personnal_files.File_AdvancedSearch_Test -->
