<?xml version="1.0" encoding="UTF-8"?>
<!-- Generated by org.testng.reporters.JUnitReportReporter -->
<testsuite skipped="0" hostname="LAPTOP-U7EES6NV" name="com.xinhu.personnel.personnal_files.File_Operation_Test" tests="1" failures="0" timestamp="05 十二月 2018 07:26:25 GMT" time="35.676" errors="0">
  <testcase name="testOperatioinAddremind" time="35.676" classname="com.xinhu.personnel.personnal_files.File_Operation_Test"/>
</testsuite> <!-- com.xinhu.personnel.personnal_files.File_Operation_Test -->
