<?xml version="1.0" encoding="UTF-8"?>
<!-- Generated by org.testng.reporters.JUnitReportReporter -->
<testsuite skipped="1" hostname="LAPTOP-U7EES6NV" name="com.webtest.customer.test.NewCustract_test" tests="1" failures="0" timestamp="05 十二月 2018 14:02:42 GMT" time="0.000" errors="0">
  <testcase name="addAgreement" time="0.000" classname="com.webtest.customer.test.NewCustract_test">
    <skipped/>
  </testcase> <!-- addAgreement -->
</testsuite> <!-- com.webtest.customer.test.NewCustract_test -->
