<?xml version="1.0" encoding="UTF-8"?>
<!-- Generated by org.testng.reporters.JUnitReportReporter -->
<testsuite skipped="0" hostname="LAPTOP-U7EES6NV" name="com.webtest.customer.test.CaoZuo_test" tests="1" failures="0" timestamp="06 十二月 2018 01:16:09 GMT" time="14.185" errors="0">
  <testcase name="detil" time="14.185" classname="com.webtest.customer.test.CaoZuo_test"/>
</testsuite> <!-- com.webtest.customer.test.CaoZuo_test -->
